# JRE version: Java(TM) SE Runtime Environment (20.0.2+9) (build 20.0.2+9-78)
# Java VM: Java HotSpot(TM) 64-Bit Server VM (20.0.2+9-78, mixed mode, emulated-client, sharing, tiered, compressed oops, compressed class ptrs, g1 gc, bsd-aarch64)
GC Precious Log:
 CardTable entry size: 512
 Card Set container configuration: InlinePtr #cards 5 size 8 Array Of Cards #cards 12 size 40 Howl #buckets 4 coarsen threshold 1843 Howl Bitmap #cards 512 size 80 coarsen threshold 460 Card regions per heap region 1 cards per card region 2048
 CPUs: 8 total, 8 available
 Memory: 8192M
 Large Page Support: Disabled
 NUMA Support: Disabled
 Compressed Oops: Enabled (Zero based)
 Heap Region Size: 1M
 Heap Min Capacity: 8M
 Heap Initial Capacity: 128M
 Heap Max Capacity: 2G
 Pre-touch: Disabled
 Parallel Workers: 8
 Concurrent Workers: 2
 Concurrent Refinement Workers: 8
 Periodic GC: Disabled
Heap:
 garbage-first heap   total 106496K, used 86298K [0x0000000780000000, 0x0000000800000000)
  region size 1024K, 56 young (57344K), 4 survivors (4096K)
 Metaspace       used 76176K, committed 77184K, reserved 1179648K
  class space    used 10701K, committed 11200K, reserved 1048576K
GC Heap History (20 events):
Event: 444.179 GC heap after
{Heap after GC invocations=38 (full 2):
 garbage-first heap   total 194560K, used 41913K [0x0000000780000000, 0x0000000800000000)
  region size 1024K, 4 young (4096K), 4 survivors (4096K)
 Metaspace       used 75038K, committed 76160K, reserved 1114112K
  class space    used 10562K, committed 11136K, reserved 1048576K
}
Event: 581.438 GC heap before
{Heap before GC invocations=39 (full 2):
 garbage-first heap   total 194560K, used 137145K [0x0000000780000000, 0x0000000800000000)
  region size 1024K, 97 young (99328K), 4 survivors (4096K)
 Metaspace       used 75057K, committed 76160K, reserved 1114112K
  class space    used 10565K, committed 11136K, reserved 1048576K
}
Event: 581.492 GC heap after
{Heap after GC invocations=40 (full 3):
 garbage-first heap   total 122880K, used 33247K [0x0000000780000000, 0x0000000800000000)
  region size 1024K, 0 young (0K), 0 survivors (0K)
 Metaspace       used 75057K, committed 76160K, reserved 1114112K
  class space    used 10565K, committed 11136K, reserved 1048576K
}
Event: 581.836 GC heap before
{Heap before GC invocations=40 (full 3):
 garbage-first heap   total 122880K, used 100831K [0x0000000780000000, 0x0000000800000000)
  region size 1024K, 67 young (68608K), 0 survivors (0K)
 Metaspace       used 75295K, committed 76288K, reserved 1114112K
  class space    used 10598K, committed 11136K, reserved 1048576K
}
Event: 581.838 GC heap after
{Heap after GC invocations=41 (full 3):
 garbage-first heap   total 122880K, used 38609K [0x0000000780000000, 0x0000000800000000)
  region size 1024K, 6 young (6144K), 6 survivors (6144K)
 Metaspace       used 75295K, committed 76288K, reserved 1114112K
  class space    used 10598K, committed 11136K, reserved 1048576K
}
Event: 582.117 GC heap before
{Heap before GC invocations=42 (full 3):
 garbage-first heap   total 122880K, used 102097K [0x0000000780000000, 0x0000000800000000)
  region size 1024K, 68 young (69632K), 6 survivors (6144K)
 Metaspace       used 75539K, committed 76480K, reserved 1179648K
  class space    used 10616K, committed 11136K, reserved 1048576K
}
Event: 582.121 GC heap after
{Heap after GC invocations=43 (full 3):
 garbage-first heap   total 122880K, used 48259K [0x0000000780000000, 0x0000000800000000)
  region size 1024K, 9 young (9216K), 9 survivors (9216K)
 Metaspace       used 75539K, committed 76480K, reserved 1179648K
  class space    used 10616K, committed 11136K, reserved 1048576K
}
Event: 582.144 GC heap before
{Heap before GC invocations=43 (full 3):
 garbage-first heap   total 122880K, used 102531K [0x0000000780000000, 0x0000000800000000)
  region size 1024K, 62 young (63488K), 9 survivors (9216K)
 Metaspace       used 75539K, committed 76480K, reserved 1179648K
  class space    used 10616K, committed 11136K, reserved 1048576K
}
Event: 582.147 GC heap after
{Heap after GC invocations=44 (full 3):
 garbage-first heap   total 122880K, used 49537K [0x0000000780000000, 0x0000000800000000)
  region size 1024K, 8 young (8192K), 8 survivors (8192K)
 Metaspace       used 75539K, committed 76480K, reserved 1179648K
  class space    used 10616K, committed 11136K, reserved 1048576K
}
Event: 582.163 GC heap before
{Heap before GC invocations=44 (full 3):
 garbage-first heap   total 122880K, used 70017K [0x0000000780000000, 0x0000000800000000)
  region size 1024K, 30 young (30720K), 8 survivors (8192K)
 Metaspace       used 75539K, committed 76480K, reserved 1179648K
  class space    used 10616K, committed 11136K, reserved 1048576K
}
Event: 582.165 GC heap after
{Heap after GC invocations=45 (full 3):
 garbage-first heap   total 122880K, used 47039K [0x0000000780000000, 0x0000000800000000)
  region size 1024K, 4 young (4096K), 4 survivors (4096K)
 Metaspace       used 75539K, committed 76480K, reserved 1179648K
  class space    used 10616K, committed 11136K, reserved 1048576K
}
Event: 582.199 GC heap before
{Heap before GC invocations=45 (full 3):
 garbage-first heap   total 133120K, used 105407K [0x0000000780000000, 0x0000000800000000)
  region size 1024K, 60 young (61440K), 4 survivors (4096K)
 Metaspace       used 75539K, committed 76480K, reserved 1179648K
  class space    used 10616K, committed 11136K, reserved 1048576K
}
Event: 582.201 GC heap after
{Heap after GC invocations=46 (full 3):
 garbage-first heap   total 133120K, used 51283K [0x0000000780000000, 0x0000000800000000)
  region size 1024K, 8 young (8192K), 8 survivors (8192K)
 Metaspace       used 75539K, committed 76480K, reserved 1179648K
  class space    used 10616K, committed 11136K, reserved 1048576K
}
Event: 1187.094 GC heap before
{Heap before GC invocations=47 (full 3):
 garbage-first heap   total 133120K, used 111699K [0x0000000780000000, 0x0000000800000000)
  region size 1024K, 67 young (68608K), 8 survivors (8192K)
 Metaspace       used 75574K, committed 76544K, reserved 1179648K
  class space    used 10623K, committed 11136K, reserved 1048576K
}
Event: 1187.116 GC heap after
{Heap after GC invocations=48 (full 3):
 garbage-first heap   total 216064K, used 45987K [0x0000000780000000, 0x0000000800000000)
  region size 1024K, 2 young (2048K), 2 survivors (2048K)
 Metaspace       used 75574K, committed 76544K, reserved 1179648K
  class space    used 10623K, committed 11136K, reserved 1048576K
}
Event: 1246.996 GC heap before
{Heap before GC invocations=48 (full 3):
 garbage-first heap   total 216064K, used 56227K [0x0000000780000000, 0x0000000800000000)
  region size 1024K, 13 young (13312K), 2 survivors (2048K)
 Metaspace       used 75579K, committed 76544K, reserved 1179648K
  class space    used 10624K, committed 11136K, reserved 1048576K
}
Event: 1247.084 GC heap after
{Heap after GC invocations=49 (full 4):
 garbage-first heap   total 106496K, used 27282K [0x0000000780000000, 0x0000000800000000)
  region size 1024K, 0 young (0K), 0 survivors (0K)
 Metaspace       used 75527K, committed 76544K, reserved 1179648K
  class space    used 10610K, committed 11136K, reserved 1048576K
}
Event: 1247.383 GC heap before
{Heap before GC invocations=49 (full 4):
 garbage-first heap   total 106496K, used 84626K [0x0000000780000000, 0x0000000800000000)
  region size 1024K, 57 young (58368K), 0 survivors (0K)
 Metaspace       used 75759K, committed 76736K, reserved 1179648K
  class space    used 10657K, committed 11136K, reserved 1048576K
}
Event: 1247.386 GC heap after
{Heap after GC invocations=50 (full 4):
 garbage-first heap   total 106496K, used 33050K [0x0000000780000000, 0x0000000800000000)
  region size 1024K, 6 young (6144K), 6 survivors (6144K)
 Metaspace       used 75759K, committed 76736K, reserved 1179648K
  class space    used 10657K, committed 11136K, reserved 1048576K
}
Event: 1462.320 GC heap before
{Heap before GC invocations=51 (full 4):
 garbage-first heap   total 106496K, used 86298K [0x0000000780000000, 0x0000000800000000)
  region size 1024K, 58 young (59392K), 6 survivors (6144K)
 Metaspace       used 76176K, committed 77184K, reserved 1179648K
  class space    used 10701K, committed 11200K, reserved 1048576K
}

